This is pdfTeX, Version 3.14159265-2.6-1.40.20 (MiKTeX 2.9.7000 64-bit) (preloaded format=pdflatex 2019.5.10)  14 MAY 2019 17:31
entering extended mode
**./3DAnalysisOfVolData_Project_Report_v1.tex
(3DAnalysisOfVolData_Project_Report_v1.tex
LaTeX2e <2018-12-01>
("C:\Program Files\MiKTeX 2.9\tex/latex/base\article.cls"
Document Class: article 2018/09/03 v1.4i Standard LaTeX document class
("C:\Program Files\MiKTeX 2.9\tex/latex/base\size11.clo"
File: size11.clo 2018/09/03 v1.4i Standard LaTeX file (size option)
)
\c@part=\count80
\c@section=\count81
\c@subsection=\count82
\c@subsubsection=\count83
\c@paragraph=\count84
\c@subparagraph=\count85
\c@figure=\count86
\c@table=\count87
\abovecaptionskip=\skip41
\belowcaptionskip=\skip42
\bibindent=\dimen102
)
("C:\Program Files\MiKTeX 2.9\tex/latex/geometry\geometry.sty"
Package: geometry 2018/04/16 v5.8 Page Geometry

("C:\Program Files\MiKTeX 2.9\tex/latex/graphics\keyval.sty"
Package: keyval 2014/10/28 v1.15 key=value parser (DPC)
\KV@toks@=\toks14
)
("C:\Program Files\MiKTeX 2.9\tex/generic/oberdiek\ifpdf.sty"
Package: ifpdf 2018/09/07 v3.3 Provides the ifpdf switch
)
("C:\Program Files\MiKTeX 2.9\tex/generic/oberdiek\ifvtex.sty"
Package: ifvtex 2016/05/16 v1.6 Detect VTeX and its facilities (HO)
Package ifvtex Info: VTeX not detected.
)
("C:\Program Files\MiKTeX 2.9\tex/generic/ifxetex\ifxetex.sty"
Package: ifxetex 2010/09/12 v0.6 Provides ifxetex conditional
)
\Gm@cnth=\count88
\Gm@cntv=\count89
\c@Gm@tempcnt=\count90
\Gm@bindingoffset=\dimen103
\Gm@wd@mp=\dimen104
\Gm@odd@mp=\dimen105
\Gm@even@mp=\dimen106
\Gm@layoutwidth=\dimen107
\Gm@layoutheight=\dimen108
\Gm@layouthoffset=\dimen109
\Gm@layoutvoffset=\dimen110
\Gm@dimlist=\toks15

("C:\Program Files\MiKTeX 2.9\tex/latex/geometry\geometry.cfg"))
(C:\Users\oma385\AppData\Roaming\MiKTeX\2.9\tex/latex/mathtools\mathtools.sty
Package: mathtools 2018/01/08 v1.21 mathematical typesetting tools

("C:\Program Files\MiKTeX 2.9\tex/latex/tools\calc.sty"
Package: calc 2017/05/25 v4.3 Infix arithmetic (KKT,FJ)
\calc@Acount=\count91
\calc@Bcount=\count92
\calc@Adimen=\dimen111
\calc@Bdimen=\dimen112
\calc@Askip=\skip43
\calc@Bskip=\skip44
LaTeX Info: Redefining \setlength on input line 80.
LaTeX Info: Redefining \addtolength on input line 81.
\calc@Ccount=\count93
\calc@Cskip=\skip45
)
(C:\Users\oma385\AppData\Roaming\MiKTeX\2.9\tex/latex/mathtools\mhsetup.sty
Package: mhsetup 2017/03/31 v1.3 programming setup (MH)
)
("C:\Program Files\MiKTeX 2.9\tex/latex/amsmath\amsmath.sty"
Package: amsmath 2018/12/01 v2.17b AMS math features
\@mathmargin=\skip46

For additional information on amsmath, use the `?' option.
("C:\Program Files\MiKTeX 2.9\tex/latex/amsmath\amstext.sty"
Package: amstext 2000/06/29 v2.01 AMS text

("C:\Program Files\MiKTeX 2.9\tex/latex/amsmath\amsgen.sty"
File: amsgen.sty 1999/11/30 v2.0 generic functions
\@emptytoks=\toks16
\ex@=\dimen113
))
("C:\Program Files\MiKTeX 2.9\tex/latex/amsmath\amsbsy.sty"
Package: amsbsy 1999/11/29 v1.2d Bold Symbols
\pmbraise@=\dimen114
)
("C:\Program Files\MiKTeX 2.9\tex/latex/amsmath\amsopn.sty"
Package: amsopn 2016/03/08 v2.02 operator names
)
\inf@bad=\count94
LaTeX Info: Redefining \frac on input line 223.
\uproot@=\count95
\leftroot@=\count96
LaTeX Info: Redefining \overline on input line 385.
\classnum@=\count97
\DOTSCASE@=\count98
LaTeX Info: Redefining \ldots on input line 482.
LaTeX Info: Redefining \dots on input line 485.
LaTeX Info: Redefining \cdots on input line 606.
\Mathstrutbox@=\box27
\strutbox@=\box28
\big@size=\dimen115
LaTeX Font Info:    Redeclaring font encoding OML on input line 729.
LaTeX Font Info:    Redeclaring font encoding OMS on input line 730.
\macc@depth=\count99
\c@MaxMatrixCols=\count100
\dotsspace@=\muskip10
\c@parentequation=\count101
\dspbrk@lvl=\count102
\tag@help=\toks17
\row@=\count103
\column@=\count104
\maxfields@=\count105
\andhelp@=\toks18
\eqnshift@=\dimen116
\alignsep@=\dimen117
\tagshift@=\dimen118
\tagwidth@=\dimen119
\totwidth@=\dimen120
\lineht@=\dimen121
\@envbody=\toks19
\multlinegap=\skip47
\multlinetaggap=\skip48
\mathdisplay@stack=\toks20
LaTeX Info: Redefining \[ on input line 2844.
LaTeX Info: Redefining \] on input line 2845.
)
LaTeX Info: Thecontrolsequence`\('isalreadyrobust on input line 129.
LaTeX Info: Thecontrolsequence`\)'isalreadyrobust on input line 129.
LaTeX Info: Thecontrolsequence`\['isalreadyrobust on input line 129.
LaTeX Info: Thecontrolsequence`\]'isalreadyrobust on input line 129.
\g_MT_multlinerow_int=\count106
\l_MT_multwidth_dim=\dimen122
\origjot=\skip49
\l_MT_shortvdotswithinadjustabove_dim=\dimen123
\l_MT_shortvdotswithinadjustbelow_dim=\dimen124
\l_MT_above_intertext_sep=\dimen125
\l_MT_below_intertext_sep=\dimen126
\l_MT_above_shortintertext_sep=\dimen127
\l_MT_below_shortintertext_sep=\dimen128
)
("C:\Program Files\MiKTeX 2.9\tex/latex/amsfonts\amssymb.sty"
Package: amssymb 2013/01/14 v3.01 AMS font symbols

("C:\Program Files\MiKTeX 2.9\tex/latex/amsfonts\amsfonts.sty"
Package: amsfonts 2013/01/14 v3.01 Basic AMSFonts support
\symAMSa=\mathgroup4
\symAMSb=\mathgroup5
LaTeX Font Info:    Overwriting math alphabet `\mathfrak' in version `bold'
(Font)                  U/euf/m/n --> U/euf/b/n on input line 106.
))
(C:\Users\oma385\AppData\Roaming\MiKTeX\2.9\tex/latex/caption\subcaption.sty
Package: subcaption 2018/05/01 v1.1-162 Sub-captions (AR)

(C:\Users\oma385\AppData\Roaming\MiKTeX\2.9\tex/latex/caption\caption.sty
Package: caption 2018/10/06 v3.3-154 Customizing captions (AR)

(C:\Users\oma385\AppData\Roaming\MiKTeX\2.9\tex/latex/caption\caption3.sty
Package: caption3 2018/09/12 v1.8c caption3 kernel (AR)
Package caption3 Info: TeX engine: e-TeX on input line 64.
\captionmargin=\dimen129
\captionmargin@=\dimen130
\captionwidth=\dimen131
\caption@tempdima=\dimen132
\caption@indent=\dimen133
\caption@parindent=\dimen134
\caption@hangindent=\dimen135
)
\c@caption@flags=\count107
\c@ContinuedFloat=\count108
)
\c@subfigure=\count109
\c@subtable=\count110
)
("C:\Program Files\MiKTeX 2.9\tex/latex/float\float.sty"
Package: float 2001/11/08 v1.3d Float enhancements (AL)
\c@float@type=\count111
\float@exts=\toks21
\float@box=\box29
\@float@everytoks=\toks22
\@floatcapt=\box30
)
("C:\Program Files\MiKTeX 2.9\tex/latex/hyperref\hyperref.sty"
Package: hyperref 2018/11/30 v6.88e Hypertext links for LaTeX

("C:\Program Files\MiKTeX 2.9\tex/generic/oberdiek\hobsub-hyperref.sty"
Package: hobsub-hyperref 2016/05/16 v1.14 Bundle oberdiek, subset hyperref (HO)


("C:\Program Files\MiKTeX 2.9\tex/generic/oberdiek\hobsub-generic.sty"
Package: hobsub-generic 2016/05/16 v1.14 Bundle oberdiek, subset generic (HO)
Package: hobsub 2016/05/16 v1.14 Construct package bundles (HO)
Package: infwarerr 2016/05/16 v1.4 Providing info/warning/error messages (HO)
Package: ltxcmds 2016/05/16 v1.23 LaTeX kernel commands for general use (HO)
Package: ifluatex 2016/05/16 v1.4 Provides the ifluatex switch (HO)
Package ifluatex Info: LuaTeX not detected.
Package hobsub Info: Skipping package `ifvtex' (already loaded).
Package: intcalc 2016/05/16 v1.2 Expandable calculations with integers (HO)
Package hobsub Info: Skipping package `ifpdf' (already loaded).
Package: etexcmds 2016/05/16 v1.6 Avoid name clashes with e-TeX commands (HO)
Package: kvsetkeys 2016/05/16 v1.17 Key value parser (HO)
Package: kvdefinekeys 2016/05/16 v1.4 Define keys (HO)
Package: pdftexcmds 2018/09/10 v0.29 Utility functions of pdfTeX for LuaTeX (HO
)
Package pdftexcmds Info: LuaTeX not detected.
Package pdftexcmds Info: \pdf@primitive is available.
Package pdftexcmds Info: \pdf@ifprimitive is available.
Package pdftexcmds Info: \pdfdraftmode found.
Package: pdfescape 2016/05/16 v1.14 Implements pdfTeX's escape features (HO)
Package: bigintcalc 2016/05/16 v1.4 Expandable calculations on big integers (HO
)
Package: bitset 2016/05/16 v1.2 Handle bit-vector datatype (HO)
Package: uniquecounter 2016/05/16 v1.3 Provide unlimited unique counter (HO)
)
Package hobsub Info: Skipping package `hobsub' (already loaded).
Package: letltxmacro 2016/05/16 v1.5 Let assignment for LaTeX macros (HO)
Package: hopatch 2016/05/16 v1.3 Wrapper for package hooks (HO)
Package: xcolor-patch 2016/05/16 xcolor patch
Package: atveryend 2016/05/16 v1.9 Hooks at the very end of document (HO)
Package atveryend Info: \enddocument detected (standard20110627).
Package: atbegshi 2016/06/09 v1.18 At begin shipout hook (HO)
Package: refcount 2016/05/16 v3.5 Data extraction from label references (HO)
Package: hycolor 2016/05/16 v1.8 Color options for hyperref/bookmark (HO)
)
("C:\Program Files\MiKTeX 2.9\tex/latex/oberdiek\auxhook.sty"
Package: auxhook 2016/05/16 v1.4 Hooks for auxiliary files (HO)
)
("C:\Program Files\MiKTeX 2.9\tex/latex/oberdiek\kvoptions.sty"
Package: kvoptions 2016/05/16 v3.12 Key value format for package options (HO)
)
\@linkdim=\dimen136
\Hy@linkcounter=\count112
\Hy@pagecounter=\count113

("C:\Program Files\MiKTeX 2.9\tex/latex/hyperref\pd1enc.def"
File: pd1enc.def 2018/11/30 v6.88e Hyperref: PDFDocEncoding definition (HO)
Now handling font encoding PD1 ...
... no UTF-8 mapping file for font encoding PD1
)
\Hy@SavedSpaceFactor=\count114

("C:\Program Files\MiKTeX 2.9\tex/latex/00miktex\hyperref.cfg"
File: hyperref.cfg 2002/06/06 v1.2 hyperref configuration of TeXLive
)
Package hyperref Info: Hyper figures OFF on input line 4519.
Package hyperref Info: Link nesting OFF on input line 4524.
Package hyperref Info: Hyper index ON on input line 4527.
Package hyperref Info: Plain pages OFF on input line 4534.
Package hyperref Info: Backreferencing OFF on input line 4539.
Package hyperref Info: Implicit mode ON; LaTeX internals redefined.
Package hyperref Info: Bookmarks ON on input line 4772.
\c@Hy@tempcnt=\count115

(C:\Users\oma385\AppData\Roaming\MiKTeX\2.9\tex/latex/url\url.sty
\Urlmuskip=\muskip11
Package: url 2013/09/16  ver 3.4  Verb mode for urls, etc.
)
LaTeX Info: Redefining \url on input line 5125.
\XeTeXLinkMargin=\dimen137
\Fld@menulength=\count116
\Field@Width=\dimen138
\Fld@charsize=\dimen139
Package hyperref Info: Hyper figures OFF on input line 6380.
Package hyperref Info: Link nesting OFF on input line 6385.
Package hyperref Info: Hyper index ON on input line 6388.
Package hyperref Info: backreferencing OFF on input line 6395.
Package hyperref Info: Link coloring OFF on input line 6400.
Package hyperref Info: Link coloring with OCG OFF on input line 6405.
Package hyperref Info: PDF/A mode OFF on input line 6410.
LaTeX Info: Redefining \ref on input line 6450.
LaTeX Info: Redefining \pageref on input line 6454.
\Hy@abspage=\count117
\c@Item=\count118
\c@Hfootnote=\count119
)
Package hyperref Info: Driver (autodetected): hpdftex.

("C:\Program Files\MiKTeX 2.9\tex/latex/hyperref\hpdftex.def"
File: hpdftex.def 2018/11/30 v6.88e Hyperref driver for pdfTeX
\Fld@listcount=\count120
\c@bookmark@seq@number=\count121

("C:\Program Files\MiKTeX 2.9\tex/latex/oberdiek\rerunfilecheck.sty"
Package: rerunfilecheck 2016/05/16 v1.8 Rerun checks for auxiliary files (HO)
Package uniquecounter Info: New unique counter `rerunfilecheck' on input line 2
82.
)
\Hy@SectionHShift=\skip50
)
("C:\Program Files\MiKTeX 2.9\tex/latex/oberdiek\grffile.sty"
Package: grffile 2017/06/30 v1.18 Extended file name support for graphics (HO)

("C:\Program Files\MiKTeX 2.9\tex/latex/graphics\graphics.sty"
Package: graphics 2017/06/25 v1.2c Standard LaTeX Graphics (DPC,SPQR)

("C:\Program Files\MiKTeX 2.9\tex/latex/graphics\trig.sty"
Package: trig 2016/01/03 v1.10 sin cos tan (DPC)
)
("C:\Program Files\MiKTeX 2.9\tex/latex/graphics-cfg\graphics.cfg"
File: graphics.cfg 2016/06/04 v1.11 sample graphics configuration
)
Package graphics Info: Driver file: pdftex.def on input line 99.

("C:\Program Files\MiKTeX 2.9\tex/latex/graphics-def\pdftex.def"
File: pdftex.def 2018/01/08 v1.0l Graphics/color driver for pdftex
))
Package grffile Info: Option `multidot' is set to `true'.
Package grffile Info: Option `extendedchars' is set to `false'.
Package grffile Info: Option `space' is set to `true'.
)
("C:\Program Files\MiKTeX 2.9\tex/latex/graphics\graphicx.sty"
Package: graphicx 2017/06/01 v1.1a Enhanced LaTeX Graphics (DPC,SPQR)
\Gin@req@height=\dimen140
\Gin@req@width=\dimen141
)
("C:\Program Files\MiKTeX 2.9\tex/latex/biblatex\biblatex.sty"
Package: biblatex 2018/11/02 v3.12 programmable bibliographies (PK/MW)

(C:\Users\oma385\AppData\Roaming\MiKTeX\2.9\tex/latex/etoolbox\etoolbox.sty
Package: etoolbox 2018/08/19 v2.5f e-TeX tools for LaTeX (JAW)
\etb@tempcnta=\count122
)
(C:\Users\oma385\AppData\Roaming\MiKTeX\2.9\tex/latex/logreq\logreq.sty
Package: logreq 2010/08/04 v1.0 xml request logger
\lrq@indent=\count123

(C:\Users\oma385\AppData\Roaming\MiKTeX\2.9\tex/latex/logreq\logreq.def
File: logreq.def 2010/08/04 v1.0 logreq spec v1.0
))
("C:\Program Files\MiKTeX 2.9\tex/latex/base\ifthen.sty"
Package: ifthen 2014/09/29 v1.1c Standard LaTeX ifthen package (DPC)
)
\c@tabx@nest=\count124
\c@listtotal=\count125
\c@listcount=\count126
\c@liststart=\count127
\c@liststop=\count128
\c@citecount=\count129
\c@citetotal=\count130
\c@multicitecount=\count131
\c@multicitetotal=\count132
\c@instcount=\count133
\c@maxnames=\count134
\c@minnames=\count135
\c@maxitems=\count136
\c@minitems=\count137
\c@citecounter=\count138
\c@maxcitecounter=\count139
\c@savedcitecounter=\count140
\c@uniquelist=\count141
\c@uniquename=\count142
\c@refsection=\count143
\c@refsegment=\count144
\c@maxextratitle=\count145
\c@maxextratitleyear=\count146
\c@maxextraname=\count147
\c@maxextradate=\count148
\c@maxextraalpha=\count149
\c@abbrvpenalty=\count150
\c@highnamepenalty=\count151
\c@lownamepenalty=\count152
\c@maxparens=\count153
\c@parenlevel=\count154
\blx@tempcnta=\count155
\blx@tempcntb=\count156
\blx@tempcntc=\count157
\blx@maxsection=\count158
\blx@maxsegment@0=\count159
\blx@notetype=\count160
\blx@parenlevel@text=\count161
\blx@parenlevel@foot=\count162
\blx@sectionciteorder@0=\count163
\blx@entrysetcounter=\count164
\labelnumberwidth=\skip51
\labelalphawidth=\skip52
\biblabelsep=\skip53
\bibitemsep=\skip54
\bibnamesep=\skip55
\bibinitsep=\skip56
\bibparsep=\skip57
\bibhang=\skip58
\blx@bcfin=\read1
\blx@bcfout=\write3
\c@mincomprange=\count165
\c@maxcomprange=\count166
\c@mincompwidth=\count167
Package biblatex Info: Trying to load biblatex default data model...
Package biblatex Info: ... file 'blx-dm.def' found.

("C:\Program Files\MiKTeX 2.9\tex/latex/biblatex\blx-dm.def"
File: blx-dm.def 2018/11/02 v3.12 biblatex localization (PK/MW)
)
Package biblatex Info: Trying to load biblatex style data model...
Package biblatex Info: ... file 'authoryear.dbx' not found.
Package biblatex Info: Trying to load biblatex custom data model...
Package biblatex Info: ... file 'biblatex-dm.cfg' not found.
\c@afterword=\count168
\c@savedafterword=\count169
\c@annotator=\count170
\c@savedannotator=\count171
\c@author=\count172
\c@savedauthor=\count173
\c@bookauthor=\count174
\c@savedbookauthor=\count175
\c@commentator=\count176
\c@savedcommentator=\count177
\c@editor=\count178
\c@savededitor=\count179
\c@editora=\count180
\c@savededitora=\count181
\c@editorb=\count182
\c@savededitorb=\count183
\c@editorc=\count184
\c@savededitorc=\count185
\c@foreword=\count186
\c@savedforeword=\count187
\c@holder=\count188
\c@savedholder=\count189
\c@introduction=\count190
\c@savedintroduction=\count191
\c@namea=\count192
\c@savednamea=\count193
\c@nameb=\count194
\c@savednameb=\count195
\c@namec=\count196
\c@savednamec=\count197
\c@translator=\count198
\c@savedtranslator=\count199
\c@shortauthor=\count266
\c@savedshortauthor=\count267
\c@shorteditor=\count268
\c@savedshorteditor=\count269
\c@labelname=\count270
\c@savedlabelname=\count271
\c@institution=\count272
\c@savedinstitution=\count273
\c@lista=\count274
\c@savedlista=\count275
\c@listb=\count276
\c@savedlistb=\count277
\c@listc=\count278
\c@savedlistc=\count279
\c@listd=\count280
\c@savedlistd=\count281
\c@liste=\count282
\c@savedliste=\count283
\c@listf=\count284
\c@savedlistf=\count285
\c@location=\count286
\c@savedlocation=\count287
\c@organization=\count288
\c@savedorganization=\count289
\c@origlocation=\count290
\c@savedoriglocation=\count291
\c@origpublisher=\count292
\c@savedorigpublisher=\count293
\c@publisher=\count294
\c@savedpublisher=\count295
\c@language=\count296
\c@savedlanguage=\count297
\c@origlanguage=\count298
\c@savedoriglanguage=\count299
\c@pageref=\count300
\c@savedpageref=\count301
\shorthandwidth=\skip59
\shortjournalwidth=\skip60
\shortserieswidth=\skip61
\shorttitlewidth=\skip62
\shortauthorwidth=\skip63
\shorteditorwidth=\skip64
\locallabelnumberwidth=\skip65
\locallabelalphawidth=\skip66
\localshorthandwidth=\skip67
\localshortjournalwidth=\skip68
\localshortserieswidth=\skip69
\localshorttitlewidth=\skip70
\localshortauthorwidth=\skip71
\localshorteditorwidth=\skip72
Package biblatex Info: Trying to load compatibility code...
Package biblatex Info: ... file 'blx-compat.def' found.

("C:\Program Files\MiKTeX 2.9\tex/latex/biblatex\blx-compat.def"
File: blx-compat.def 2018/11/02 v3.12 biblatex compatibility (PK/MW)
)
Package biblatex Info: Trying to load generic definitions...
Package biblatex Info: ... file 'biblatex.def' found.

("C:\Program Files\MiKTeX 2.9\tex/latex/biblatex\biblatex.def"
File: biblatex.def 2018/11/02 v3.12 biblatex compatibility (PK/MW)
\c@textcitecount=\count302
\c@textcitetotal=\count303
\c@textcitemaxnames=\count304
\c@biburlnumpenalty=\count305
\c@biburlucpenalty=\count306
\c@biburllcpenalty=\count307
\c@smartand=\count308
)
Package biblatex Info: Trying to load bibliography style 'authoryear'...
Package biblatex Info: ... file 'authoryear.bbx' found.

("C:\Program Files\MiKTeX 2.9\tex/latex/biblatex/bbx\authoryear.bbx"
File: authoryear.bbx 2018/11/02 v3.12 biblatex bibliography style (PK/MW)
Package biblatex Info: Trying to load bibliography style 'standard'...
Package biblatex Info: ... file 'standard.bbx' found.

("C:\Program Files\MiKTeX 2.9\tex/latex/biblatex/bbx\standard.bbx"
File: standard.bbx 2018/11/02 v3.12 biblatex bibliography style (PK/MW)
\c@bbx:relatedcount=\count309
\c@bbx:relatedtotal=\count310
))
Package biblatex Info: Trying to load citation style 'authoryear'...
Package biblatex Info: ... file 'authoryear.cbx' found.

("C:\Program Files\MiKTeX 2.9\tex/latex/biblatex/cbx\authoryear.cbx"
File: authoryear.cbx 2018/11/02 v3.12 biblatex citation style (PK/MW)
Package biblatex Info: Redefining '\cite'.
Package biblatex Info: Redefining '\parencite'.
Package biblatex Info: Redefining '\footcite'.
Package biblatex Info: Redefining '\footcitetext'.
Package biblatex Info: Redefining '\smartcite'.
Package biblatex Info: Redefining '\textcite'.
Package biblatex Info: Redefining '\textcites'.
)
Package biblatex Info: Trying to load configuration file...
Package biblatex Info: ... file 'biblatex.cfg' found.

("C:\Program Files\MiKTeX 2.9\tex/latex/biblatex\biblatex.cfg"
File: biblatex.cfg 
))
Package biblatex Info: Trying to load language 'english'...
Package biblatex Info: ... file 'english.lbx' found.

("C:\Program Files\MiKTeX 2.9\tex/latex/biblatex/lbx\english.lbx"
File: english.lbx 2018/11/02 v3.12 biblatex localization (PK/MW)
)
\@quotelevel=\count311
\@quotereset=\count312


LaTeX Warning: Unused global option(s):
    [usletter].

(3DAnalysisOfVolData_Project_Report_v1.aux)
\openout1 = `3DAnalysisOfVolData_Project_Report_v1.aux'.

LaTeX Font Info:    Checking defaults for OML/cmm/m/it on input line 43.
LaTeX Font Info:    ... okay on input line 43.
LaTeX Font Info:    Checking defaults for T1/cmr/m/n on input line 43.
LaTeX Font Info:    ... okay on input line 43.
LaTeX Font Info:    Checking defaults for OT1/cmr/m/n on input line 43.
LaTeX Font Info:    ... okay on input line 43.
LaTeX Font Info:    Checking defaults for OMS/cmsy/m/n on input line 43.
LaTeX Font Info:    ... okay on input line 43.
LaTeX Font Info:    Checking defaults for OMX/cmex/m/n on input line 43.
LaTeX Font Info:    ... okay on input line 43.
LaTeX Font Info:    Checking defaults for U/cmr/m/n on input line 43.
LaTeX Font Info:    ... okay on input line 43.
LaTeX Font Info:    Checking defaults for PD1/pdf/m/n on input line 43.
LaTeX Font Info:    ... okay on input line 43.

*geometry* driver: auto-detecting
*geometry* detected driver: pdftex
*geometry* verbose mode - [ preamble ] result:
* driver: pdftex
* paper: <default>
* layout: <same size as paper>
* layoutoffset:(h,v)=(0.0pt,0.0pt)
* modes: 
* h-part:(L,W,R)=(72.26999pt, 469.75502pt, 72.26999pt)
* v-part:(T,H,B)=(72.26999pt, 650.43001pt, 72.26999pt)
* \paperwidth=614.295pt
* \paperheight=794.96999pt
* \textwidth=469.75502pt
* \textheight=650.43001pt
* \oddsidemargin=0.0pt
* \evensidemargin=0.0pt
* \topmargin=-37.0pt
* \headheight=12.0pt
* \headsep=25.0pt
* \topskip=11.0pt
* \footskip=30.0pt
* \marginparwidth=59.0pt
* \marginparsep=10.0pt
* \columnsep=10.0pt
* \skip\footins=10.0pt plus 4.0pt minus 2.0pt
* \hoffset=0.0pt
* \voffset=0.0pt
* \mag=1000
* \@twocolumnfalse
* \@twosidefalse
* \@mparswitchfalse
* \@reversemarginfalse
* (1in=72.27pt=25.4mm, 1cm=28.453pt)

Package caption Info: Begin \AtBeginDocument code.
Package caption Info: float package is loaded.
Package caption Info: hyperref package is loaded.
Package caption Info: End \AtBeginDocument code.
\AtBeginShipoutBox=\box31
Package hyperref Info: Link coloring OFF on input line 43.
("C:\Program Files\MiKTeX 2.9\tex/latex/hyperref\nameref.sty"
Package: nameref 2016/05/21 v2.44 Cross-referencing by name of section

("C:\Program Files\MiKTeX 2.9\tex/generic/oberdiek\gettitlestring.sty"
Package: gettitlestring 2016/05/16 v1.5 Cleanup title references (HO)
)
\c@section@level=\count313
)
LaTeX Info: Redefining \ref on input line 43.
LaTeX Info: Redefining \pageref on input line 43.
LaTeX Info: Redefining \nameref on input line 43.

(3DAnalysisOfVolData_Project_Report_v1.out)
(3DAnalysisOfVolData_Project_Report_v1.out)
\@outlinefile=\write4
\openout4 = `3DAnalysisOfVolData_Project_Report_v1.out'.


(C:\Users\oma385\AppData\Roaming\MiKTeX\2.9\tex/context/base/mkii\supp-pdf.mkii
[Loading MPS to PDF converter (version 2006.09.02).]
\scratchcounter=\count314
\scratchdimen=\dimen142
\scratchbox=\box32
\nofMPsegments=\count315
\nofMParguments=\count316
\everyMPshowfont=\toks23
\MPscratchCnt=\count317
\MPscratchDim=\dimen143
\MPnumerator=\count318
\makeMPintoPDFobject=\count319
\everyMPtoPDFconversion=\toks24
) ("C:\Program Files\MiKTeX 2.9\tex/latex/oberdiek\epstopdf-base.sty"
Package: epstopdf-base 2016/05/15 v2.6 Base part for package epstopdf

("C:\Program Files\MiKTeX 2.9\tex/latex/oberdiek\grfext.sty"
Package: grfext 2016/05/16 v1.2 Manage graphics extensions (HO)
)
Package epstopdf-base Info: Redefining graphics rule for `.eps' on input line 4
38.
Package grfext Info: Graphics extension search list:
(grfext)             [.pdf,.png,.jpg,.mps,.jpeg,.jbig2,.jb2,.PDF,.PNG,.JPG,.JPE
G,.JBIG2,.JB2,.eps]
(grfext)             \AppendGraphicsExtensions on input line 456.
)
Package grffile Info: \Gin@ii of package `graphicx' fixed on input line 43.
Package biblatex Info: Input encoding 'utf8' detected.
Package biblatex Info: Automatic encoding selection.
(biblatex)             Assuming data encoding 'utf8'.
\openout3 = `3DAnalysisOfVolData_Project_Report_v1.bcf'.

Package biblatex Info: Trying to load bibliographic data...
Package biblatex Info: ... file '3DAnalysisOfVolData_Project_Report_v1.bbl' fou
nd.

(3DAnalysisOfVolData_Project_Report_v1.bbl)
Package biblatex Info: Reference section=0 on input line 43.
Package biblatex Info: Reference segment=0 on input line 43.
LaTeX Font Info:    Try loading font information for U+msa on input line 45.

("C:\Program Files\MiKTeX 2.9\tex/latex/amsfonts\umsa.fd"
File: umsa.fd 2013/01/14 v3.01 AMS symbols A
)
LaTeX Font Info:    Try loading font information for U+msb on input line 45.

("C:\Program Files\MiKTeX 2.9\tex/latex/amsfonts\umsb.fd"
File: umsb.fd 2013/01/14 v3.01 AMS symbols B
) [1

{C:/Users/oma385/AppData/Local/MiKTeX/2.9/pdftex/config/pdftex.map}]pdfTeX warn
ing (ext4): destination with the same identifier (name{page.1}) has been alread
y used, duplicate ignored
<to be read again> 
                   \relax 
l.67 
      [1]
<figures/3DSyntheticFractureImages.png, id=72, 602.25pt x 602.25pt>
File: figures/3DSyntheticFractureImages.png Graphic file (type png)
<use figures/3DSyntheticFractureImages.png>
Package pdftex.def Info: figures/3DSyntheticFractureImages.png  used on input l
ine 74.
(pdftex.def)             Requested size: 234.8775pt x 234.87654pt.
<figures/3DSyntheticBlurredFractureImages.png, id=73, 602.25pt x 602.25pt>
File: figures/3DSyntheticBlurredFractureImages.png Graphic file (type png)
<use figures/3DSyntheticBlurredFractureImages.png>
Package pdftex.def Info: figures/3DSyntheticBlurredFractureImages.png  used on 
input line 82.
(pdftex.def)             Requested size: 234.8775pt x 234.87654pt.


LaTeX Warning: `!h' float specifier changed to `!ht'.

[2]
<figures/gaussian_continuous.png, id=87, 753.0534pt x 677.4108pt>
File: figures/gaussian_continuous.png Graphic file (type png)
<use figures/gaussian_continuous.png>
Package pdftex.def Info: figures/gaussian_continuous.png  used on input line 11
9.
(pdftex.def)             Requested size: 234.8775pt x 211.2769pt.
<figures/gaussian_discrete.png, id=88, 753.0534pt x 677.4108pt>
File: figures/gaussian_discrete.png Graphic file (type png)
<use figures/gaussian_discrete.png>
Package pdftex.def Info: figures/gaussian_discrete.png  used on input line 127.

(pdftex.def)             Requested size: 234.8775pt x 211.2769pt.


LaTeX Warning: `!h' float specifier changed to `!ht'.

[3 <./figures/3DSyntheticFractureImages.png (PNG copy)> <./figures/3DSyntheticB
lurredFractureImages.png (PNG copy)>] [4 <./figures/gaussian_continuous.png (PN
G copy)> <./figures/gaussian_discrete.png (PNG copy)>]
<figures/"SFI,s = 0.5, Aperture = 1, Frac (1 of 5), hsize = 19".png, id=112, 13
92.8838pt x 338.7054pt>
File: figures/"SFI,s = 0.5, Aperture = 1, Frac (1 of 5), hsize = 19".png Graphi
c file (type png)
<use figures/"SFI,s = 0.5, Aperture = 1, Frac (1 of 5), hsize = 19".png>
Package pdftex.def Info: figures/"SFI,s = 0.5, Aperture = 1, Frac (1 of 5), hsi
ze = 19".png  used on input line 158.
(pdftex.def)             Requested size: 469.75502pt x 114.22803pt.
<figures/"SFI,s = 1, Aperture = 2, Frac (2 of 5), hsize = 18".png, id=113, 1392
.8838pt x 338.7054pt>
File: figures/"SFI,s = 1, Aperture = 2, Frac (2 of 5), hsize = 18".png Graphic 
file (type png)
<use figures/"SFI,s = 1, Aperture = 2, Frac (2 of 5), hsize = 18".png>
Package pdftex.def Info: figures/"SFI,s = 1, Aperture = 2, Frac (2 of 5), hsize
 = 18".png  used on input line 159.
(pdftex.def)             Requested size: 469.75502pt x 114.22803pt.
<figures/"SFI,s = 1.5, Aperture = 3, Frac (3 of 5), hsize = 19".png, id=114, 13
92.8838pt x 338.7054pt>
File: figures/"SFI,s = 1.5, Aperture = 3, Frac (3 of 5), hsize = 19".png Graphi
c file (type png)
<use figures/"SFI,s = 1.5, Aperture = 3, Frac (3 of 5), hsize = 19".png>
Package pdftex.def Info: figures/"SFI,s = 1.5, Aperture = 3, Frac (3 of 5), hsi
ze = 19".png  used on input line 160.
(pdftex.def)             Requested size: 469.75502pt x 114.22803pt.
<figures/"SFI,s = 2, Aperture = 4, Frac (4 of 5), hsize = 18".png, id=115, 1392
.8838pt x 338.7054pt>
File: figures/"SFI,s = 2, Aperture = 4, Frac (4 of 5), hsize = 18".png Graphic 
file (type png)
<use figures/"SFI,s = 2, Aperture = 4, Frac (4 of 5), hsize = 18".png>
Package pdftex.def Info: figures/"SFI,s = 2, Aperture = 4, Frac (4 of 5), hsize
 = 18".png  used on input line 161.
(pdftex.def)             Requested size: 469.75502pt x 114.22803pt.
<figures/"SFI,s = 3, Aperture = 6, Frac (5 of 5), hsize = 18".png, id=116, 1392
.8838pt x 338.7054pt>
File: figures/"SFI,s = 3, Aperture = 6, Frac (5 of 5), hsize = 18".png Graphic 
file (type png)
<use figures/"SFI,s = 3, Aperture = 6, Frac (5 of 5), hsize = 18".png>
Package pdftex.def Info: figures/"SFI,s = 3, Aperture = 6, Frac (5 of 5), hsize
 = 18".png  used on input line 162.
(pdftex.def)             Requested size: 469.75502pt x 114.22803pt.


LaTeX Warning: `!h' float specifier changed to `!ht'.

<figures/HessianResultsSFI_N.png, id=118, 602.25pt x 602.25pt>
File: figures/HessianResultsSFI_N.png Graphic file (type png)
<use figures/HessianResultsSFI_N.png>
Package pdftex.def Info: figures/HessianResultsSFI_N.png  used on input line 17
3.
(pdftex.def)             Requested size: 234.8775pt x 234.87654pt.
<figures/HessianResultsSBFI_N.png, id=119, 602.25pt x 602.25pt>
File: figures/HessianResultsSBFI_N.png Graphic file (type png)
<use figures/HessianResultsSBFI_N.png>
Package pdftex.def Info: figures/HessianResultsSBFI_N.png  used on input line 1
81.
(pdftex.def)             Requested size: 234.8775pt x 234.87654pt.

LaTeX Warning: `!h' float specifier changed to `!ht'.

<figures/"s = 1, hSize = 5_normalized".png, id=123, 903.375pt x 602.25pt>
File: figures/"s = 1, hSize = 5_normalized".png Graphic file (type png)
<use figures/"s = 1, hSize = 5_normalized".png>
Package pdftex.def Info: figures/"s = 1, hSize = 5_normalized".png  used on inp
ut line 194.
(pdftex.def)             Requested size: 234.8775pt x 156.5813pt.
<figures/"s = 1, hSize = 9_normalized".png, id=124, 903.375pt x 602.25pt>
File: figures/"s = 1, hSize = 9_normalized".png Graphic file (type png)
<use figures/"s = 1, hSize = 9_normalized".png>
Package pdftex.def Info: figures/"s = 1, hSize = 9_normalized".png  used on inp
ut line 202.
(pdftex.def)             Requested size: 234.8775pt x 156.5813pt.
<figures/"s = 1, hSize = 11_normalized".png, id=125, 903.375pt x 602.25pt>
File: figures/"s = 1, hSize = 11_normalized".png Graphic file (type png)
<use figures/"s = 1, hSize = 11_normalized".png>
Package pdftex.def Info: figures/"s = 1, hSize = 11_normalized".png  used on in
put line 208.
(pdftex.def)             Requested size: 234.8775pt x 156.5813pt.
<figures/"s = 1, hSize = 19_normalized".png, id=126, 903.375pt x 602.25pt>
File: figures/"s = 1, hSize = 19_normalized".png Graphic file (type png)
<use figures/"s = 1, hSize = 19_normalized".png>
Package pdftex.def Info: figures/"s = 1, hSize = 19_normalized".png  used on in
put line 216.
(pdftex.def)             Requested size: 234.8775pt x 156.5813pt.

LaTeX Warning: `!h' float specifier changed to `!ht'.

[5] [6 <./figures/SFI,s = 0.5, Aperture = 1, Frac (1 of 5), hsize = 19.png (PNG
 copy)> <./figures/SFI,s = 1, Aperture = 2, Frac (2 of 5), hsize = 18.png (PNG 
copy)> <./figures/SFI,s = 1.5, Aperture = 3, Frac (3 of 5), hsize = 19.png (PNG
 copy)> <./figures/SFI,s = 2, Aperture = 4, Frac (4 of 5), hsize = 18.png (PNG 
copy)> <./figures/SFI,s = 3, Aperture = 6, Frac (5 of 5), hsize = 18.png (PNG c
opy)>] [7 <./figures/HessianResultsSFI_N.png (PNG copy)> <./figures/HessianResu
ltsSBFI_N.png (PNG copy)>] [8 <./figures/s = 1, hSize = 5_normalized.png (PNG c
opy)> <./figures/s = 1, hSize = 9_normalized.png (PNG copy)> <./figures/s = 1, 
hSize = 11_normalized.png (PNG copy)> <./figures/s = 1, hSize = 19_normalized.p
ng (PNG copy)>]
Package atveryend Info: Empty hook `BeforeClearDocument' on input line 232.
 [9

]
Package atveryend Info: Empty hook `AfterLastShipout' on input line 232.
 (3DAnalysisOfVolData_Project_Report_v1.aux)
Package atveryend Info: Executing hook `AtVeryEndDocument' on input line 232.
Package atveryend Info: Executing hook `AtEndAfterFileList' on input line 232.
Package rerunfilecheck Info: File `3DAnalysisOfVolData_Project_Report_v1.out' h
as not changed.
(rerunfilecheck)             Checksum: 9B9ED9D26B431AC13FDBC173CF3F148C;418.
Package logreq Info: Writing requests to '3DAnalysisOfVolData_Project_Report_v1
.run.xml'.
\openout1 = `3DAnalysisOfVolData_Project_Report_v1.run.xml'.

Package atveryend Info: Empty hook `AtVeryVeryEnd' on input line 232.
 ) 
Here is how much of TeX's memory you used:
 14937 strings out of 492895
 254881 string characters out of 3133476
 708021 words of memory out of 3000000
 18681 multiletter control sequences out of 15000+200000
 12788 words of font info for 48 fonts, out of 3000000 for 9000
 1141 hyphenation exceptions out of 8191
 42i,14n,46p,1810b,1461s stack positions out of 5000i,500n,10000p,200000b,50000s
<C:/Program Files/MiKTeX 2.9/fonts/type1/public/amsfonts/cm/cmbx10.pfb><C:/Pr
ogram Files/MiKTeX 2.9/fonts/type1/public/amsfonts/cm/cmbx12.pfb><C:/Program Fi
les/MiKTeX 2.9/fonts/type1/public/amsfonts/cm/cmcsc10.pfb><C:/Program Files/MiK
TeX 2.9/fonts/type1/public/amsfonts/cm/cmex10.pfb><C:/Program Files/MiKTeX 2.9/
fonts/type1/public/amsfonts/cm/cmmi10.pfb><C:/Program Files/MiKTeX 2.9/fonts/ty
pe1/public/amsfonts/cm/cmmi6.pfb><C:/Program Files/MiKTeX 2.9/fonts/type1/publi
c/amsfonts/cm/cmmi8.pfb><C:/Program Files/MiKTeX 2.9/fonts/type1/public/amsfont
s/cm/cmr10.pfb><C:/Program Files/MiKTeX 2.9/fonts/type1/public/amsfonts/cm/cmr1
2.pfb><C:/Program Files/MiKTeX 2.9/fonts/type1/public/amsfonts/cm/cmr17.pfb><C:
/Program Files/MiKTeX 2.9/fonts/type1/public/amsfonts/cm/cmr8.pfb><C:/Program F
iles/MiKTeX 2.9/fonts/type1/public/amsfonts/cm/cmsy10.pfb><C:/Program Files/MiK
TeX 2.9/fonts/type1/public/amsfonts/cm/cmti10.pfb><C:/Program Files/MiKTeX 2.9/
fonts/type1/public/amsfonts/cm/cmtt10.pfb><C:/Program Files/MiKTeX 2.9/fonts/ty
pe1/public/amsfonts/symbols/msbm10.pfb>
Output written on 3DAnalysisOfVolData_Project_Report_v1.pdf (10 pages, 1816545 
bytes).
PDF statistics:
 220 PDF objects out of 1000 (max. 8388607)
 35 named destinations out of 1000 (max. 500000)
 132 words of extra memory for PDF output out of 10000 (max. 10000000)

